<?xml version="1.0" encoding="UTF-8"?>
<testng-results ignored="0" total="5" passed="4" failed="1" skipped="0">
  <reporter-output>
  </reporter-output>
  <suite started-at="2025-01-10T03:59:16 IST" name="Default suite" finished-at="2025-01-10T03:59:19 IST" duration-ms="2806">
    <groups>
    </groups>
    <test started-at="2025-01-10T03:59:16 IST" name="Default test" finished-at="2025-01-10T03:59:19 IST" duration-ms="2806">
      <class name="test.java.tests.CartOfferTests">
        <test-method is-config="true" signature="setup()[pri:0, instance:test.java.tests.CartOfferTests@6ad82709]" started-at="2025-01-10T03:59:16 IST" name="setup" finished-at="2025-01-10T03:59:17 IST" duration-ms="706" status="PASS">
          <reporter-output>
          </reporter-output>
        </test-method> <!-- setup -->
        <test-method signature="testFlatAmountOffer()[pri:0, instance:test.java.tests.CartOfferTests@6ad82709]" started-at="2025-01-10T03:59:17 IST" name="testFlatAmountOffer" finished-at="2025-01-10T03:59:19 IST" duration-ms="1932" status="FAIL">
          <exception class="java.lang.AssertionError">
            <message>
              <![CDATA[expected [190] but found [180]]]>
            </message>
            <full-stacktrace>
              <![CDATA[java.lang.AssertionError: expected [190] but found [180]
at org.testng.Assert.fail(Assert.java:111)
at org.testng.Assert.failNotEquals(Assert.java:1578)
at org.testng.Assert.assertEqualsImpl(Assert.java:150)
at org.testng.Assert.assertEquals(Assert.java:132)
at org.testng.Assert.assertEquals(Assert.java:1419)
at org.testng.Assert.assertEquals(Assert.java:1383)
at org.testng.Assert.assertEquals(Assert.java:1429)
at test.java.tests.CartOfferTests.testFlatAmountOffer(CartOfferTests.java:37)
at java.base/jdk.internal.reflect.NativeMethodAccessorImpl.invoke0(Native Method)
at java.base/jdk.internal.reflect.NativeMethodAccessorImpl.invoke(NativeMethodAccessorImpl.java:77)
at java.base/jdk.internal.reflect.DelegatingMethodAccessorImpl.invoke(DelegatingMethodAccessorImpl.java:43)
at java.base/java.lang.reflect.Method.invoke(Method.java:568)
at org.testng.internal.invokers.MethodInvocationHelper.invokeMethod(MethodInvocationHelper.java:139)
at org.testng.internal.invokers.TestInvoker.invokeMethod(TestInvoker.java:664)
at org.testng.internal.invokers.TestInvoker.invokeTestMethod(TestInvoker.java:228)
at org.testng.internal.invokers.MethodRunner.runInSequence(MethodRunner.java:63)
at org.testng.internal.invokers.TestInvoker$MethodInvocationAgent.invoke(TestInvoker.java:961)
at org.testng.internal.invokers.TestInvoker.invokeTestMethods(TestInvoker.java:201)
at org.testng.internal.invokers.TestMethodWorker.invokeTestMethods(TestMethodWorker.java:148)
at org.testng.internal.invokers.TestMethodWorker.run(TestMethodWorker.java:128)
at java.base/java.util.ArrayList.forEach(ArrayList.java:1511)
at org.testng.TestRunner.privateRun(TestRunner.java:819)
at org.testng.TestRunner.run(TestRunner.java:619)
at org.testng.SuiteRunner.runTest(SuiteRunner.java:443)
at org.testng.SuiteRunner.runSequentially(SuiteRunner.java:437)
at org.testng.SuiteRunner.privateRun(SuiteRunner.java:397)
at org.testng.SuiteRunner.run(SuiteRunner.java:336)
at org.testng.SuiteRunnerWorker.runSuite(SuiteRunnerWorker.java:52)
at org.testng.SuiteRunnerWorker.run(SuiteRunnerWorker.java:95)
at org.testng.TestNG.runSuitesSequentially(TestNG.java:1301)
at org.testng.TestNG.runSuitesLocally(TestNG.java:1228)
at org.testng.TestNG.runSuites(TestNG.java:1134)
at org.testng.TestNG.run(TestNG.java:1101)
at org.testng.remote.AbstractRemoteTestNG.run(AbstractRemoteTestNG.java:115)
at org.testng.remote.RemoteTestNG.initAndRun(RemoteTestNG.java:293)
at org.testng.remote.RemoteTestNG.main(RemoteTestNG.java:91)
]]>
            </full-stacktrace>
          </exception> <!-- java.lang.AssertionError -->
          <reporter-output>
          </reporter-output>
        </test-method> <!-- testFlatAmountOffer -->
        <test-method signature="testFlatPercentageOffer()[pri:0, instance:test.java.tests.CartOfferTests@6ad82709]" started-at="2025-01-10T03:59:19 IST" name="testFlatPercentageOffer" finished-at="2025-01-10T03:59:19 IST" duration-ms="68" status="PASS">
          <reporter-output>
          </reporter-output>
        </test-method> <!-- testFlatPercentageOffer -->
        <test-method signature="testInvalidCartValue()[pri:0, instance:test.java.tests.CartOfferTests@6ad82709]" started-at="2025-01-10T03:59:19 IST" name="testInvalidCartValue" finished-at="2025-01-10T03:59:19 IST" duration-ms="15" status="PASS">
          <reporter-output>
          </reporter-output>
        </test-method> <!-- testInvalidCartValue -->
        <test-method signature="testInvalidOfferType()[pri:0, instance:test.java.tests.CartOfferTests@6ad82709]" started-at="2025-01-10T03:59:19 IST" name="testInvalidOfferType" finished-at="2025-01-10T03:59:19 IST" duration-ms="14" status="PASS">
          <reporter-output>
          </reporter-output>
        </test-method> <!-- testInvalidOfferType -->
        <test-method signature="testMissingRestaurantId()[pri:0, instance:test.java.tests.CartOfferTests@6ad82709]" started-at="2025-01-10T03:59:19 IST" name="testMissingRestaurantId" finished-at="2025-01-10T03:59:19 IST" duration-ms="12" status="PASS">
          <reporter-output>
          </reporter-output>
        </test-method> <!-- testMissingRestaurantId -->
        <test-method is-config="true" signature="teardown()[pri:0, instance:test.java.tests.CartOfferTests@6ad82709]" started-at="2025-01-10T03:59:19 IST" name="teardown" finished-at="2025-01-10T03:59:19 IST" duration-ms="10" status="PASS">
          <reporter-output>
          </reporter-output>
        </test-method> <!-- teardown -->
      </class> <!-- test.java.tests.CartOfferTests -->
    </test> <!-- Default test -->
  </suite> <!-- Default suite -->
</testng-results>
